<?xml version="1.0" encoding="UTF-8"?>
<testsuite xmlns:xsi="http://www.w3.org/2001/XMLSchema-instance" xsi:noNamespaceSchemaLocation="https://maven.apache.org/surefire/maven-surefire-plugin/xsd/surefire-test-report-3.0.xsd" version="3.0" name="runners.TestRunner" time="121.534" tests="16" errors="0" skipped="0" failures="2">
  <properties>
[...]
</properties>
  <testcase name="I add one item to the cart" classname="testing product import to cart" time="10.781">
    <system-out><![CDATA[Alert message: Product added.
The values match: Samsung galaxy s6
]]></system-out>
    <system-err><![CDATA[Aug 29, 2024 11:39:42 AM org.openqa.selenium.devtools.CdpVersionFinder findNearestMatch
WARNING: Unable to find an exact match for CDP version 128, returning the closest version; found: 125; Please update to a Selenium version that supports CDP version 128
]]></system-err>
  </testcase>
  <testcase name="I remove one item from the cart" classname="testing product import to cart" time="10.687">
    <failure message="Expected cart to be empty, but found 6 items." type="java.lang.AssertionError"><![CDATA[java.lang.AssertionError: Expected cart to be empty, but found 6 items.
]]></failure>
    <system-out><![CDATA[The cart is not empty. Row count: 6
]]></system-out>
    <system-err><![CDATA[Aug 29, 2024 11:39:52 AM org.openqa.selenium.devtools.CdpVersionFinder findNearestMatch
WARNING: Unable to find an exact match for CDP version 128, returning the closest version; found: 125; Please update to a Selenium version that supports CDP version 128
]]></system-err>
  </testcase>
  <testcase name="Add multiple items to the cart" classname="testing product import to cart" time="14.178">
    <system-out><![CDATA[Alert message: Product added.
Alert message: Product added.
The values match: Samsung galaxy s6
The values match: Sony vaio i5
]]></system-out>
    <system-err><![CDATA[Aug 29, 2024 11:40:03 AM org.openqa.selenium.devtools.CdpVersionFinder findNearestMatch
WARNING: Unable to find an exact match for CDP version 128, returning the closest version; found: 125; Please update to a Selenium version that supports CDP version 128
]]></system-err>
  </testcase>
  <testcase name="I remove all items from the cart" classname="testing product import to cart" time="13.497">
    <failure message="Expected cart to be empty, but found 6 items." type="java.lang.AssertionError"><![CDATA[java.lang.AssertionError: Expected cart to be empty, but found 6 items.
]]></failure>
    <system-out><![CDATA[The cart is not empty. Row count: 6
]]></system-out>
    <system-err><![CDATA[Aug 29, 2024 11:40:17 AM org.openqa.selenium.devtools.CdpVersionFinder findNearestMatch
WARNING: Unable to find an exact match for CDP version 128, returning the closest version; found: 125; Please update to a Selenium version that supports CDP version 128
]]></system-err>
  </testcase>
  <testcase name="I add one item to the cart and proceed with the checkout" classname="checkout flow" time="11.371">
    <system-out><![CDATA[Alert message: Product added.
The values match: Samsung galaxy s6
name field is visible.
country field is visible.
city field is visible.
card field is visible.
month field is visible.
year field is visible.
]]></system-out>
    <system-err><![CDATA[Aug 29, 2024 11:40:31 AM org.openqa.selenium.devtools.CdpVersionFinder findNearestMatch
WARNING: Unable to find an exact match for CDP version 128, returning the closest version; found: 125; Please update to a Selenium version that supports CDP version 128
]]></system-err>
  </testcase>
  <testcase name="I add one item to the cart and proceed with the checkout without adding all user information" classname="checkout flow" time="13.671">
    <system-out><![CDATA[Alert message: Product added.
The values match: Samsung galaxy s6
name field is visible.
country field is visible.
city field is visible.
card field is visible.
month field is visible.
year field is visible.
Alert message: Please fill out Name and Creditcard.
]]></system-out>
    <system-err><![CDATA[Aug 29, 2024 11:40:42 AM org.openqa.selenium.devtools.CdpVersionFinder findNearestMatch
WARNING: Unable to find an exact match for CDP version 128, returning the closest version; found: 125; Please update to a Selenium version that supports CDP version 128
]]></system-err>
  </testcase>
  <testcase name="Press Login button, check if Login windows pops up" classname="test login" time="5.441">
    <system-err><![CDATA[Aug 29, 2024 11:40:55 AM org.openqa.selenium.devtools.CdpVersionFinder findNearestMatch
WARNING: Unable to find an exact match for CDP version 128, returning the closest version; found: 125; Please update to a Selenium version that supports CDP version 128
]]></system-err>
  </testcase>
  <testcase name="Check if Login window could be re-opened" classname="test login" time="6.961">
    <system-err><![CDATA[Aug 29, 2024 11:41:01 AM org.openqa.selenium.devtools.CdpVersionFinder findNearestMatch
WARNING: Unable to find an exact match for CDP version 128, returning the closest version; found: 125; Please update to a Selenium version that supports CDP version 128
]]></system-err>
  </testcase>
  <testcase name="Login with existing User name and password" classname="test login" time="5.494">
    <system-err><![CDATA[Aug 29, 2024 11:41:08 AM org.openqa.selenium.devtools.CdpVersionFinder findNearestMatch
WARNING: Unable to find an exact match for CDP version 128, returning the closest version; found: 125; Please update to a Selenium version that supports CDP version 128
]]></system-err>
  </testcase>
  <testcase name="Try to Login without User name and password" classname="test login" time="3.175">
    <system-out><![CDATA[Alert message: Please fill out Username and Password.
]]></system-out>
    <system-err><![CDATA[Aug 29, 2024 11:41:13 AM org.openqa.selenium.devtools.CdpVersionFinder findNearestMatch
WARNING: Unable to find an exact match for CDP version 128, returning the closest version; found: 125; Please update to a Selenium version that supports CDP version 128
]]></system-err>
  </testcase>
  <testcase name="Login with random User name and password" classname="test login" time="3.911">
    <system-out><![CDATA[Alert message: User does not exist.
]]></system-out>
    <system-err><![CDATA[Aug 29, 2024 11:41:17 AM org.openqa.selenium.devtools.CdpVersionFinder findNearestMatch
WARNING: Unable to find an exact match for CDP version 128, returning the closest version; found: 125; Please update to a Selenium version that supports CDP version 128
]]></system-err>
  </testcase>
  <testcase name="Press Sign up button, check if Sign up windows pops up" classname="test Sign Up" time="2.237">
    <system-err><![CDATA[Aug 29, 2024 11:41:20 AM org.openqa.selenium.devtools.CdpVersionFinder findNearestMatch
WARNING: Unable to find an exact match for CDP version 128, returning the closest version; found: 125; Please update to a Selenium version that supports CDP version 128
]]></system-err>
  </testcase>
  <testcase name="Check if sing up window could be re-opened" classname="test Sign Up" time="4.385">
    <system-err><![CDATA[Aug 29, 2024 11:41:23 AM org.openqa.selenium.devtools.CdpVersionFinder findNearestMatch
WARNING: Unable to find an exact match for CDP version 128, returning the closest version; found: 125; Please update to a Selenium version that supports CDP version 128
]]></system-err>
  </testcase>
  <testcase name="Sign up with random User name and password" classname="test Sign Up" time="6.459">
    <system-out><![CDATA[Alert message: Sign up successful.
]]></system-out>
    <system-err><![CDATA[Aug 29, 2024 11:41:27 AM org.openqa.selenium.devtools.CdpVersionFinder findNearestMatch
WARNING: Unable to find an exact match for CDP version 128, returning the closest version; found: 125; Please update to a Selenium version that supports CDP version 128
]]></system-err>
  </testcase>
  <testcase name="Try to Sign up without User name and password" classname="test Sign Up" time="2.759">
    <system-out><![CDATA[Alert message: Please fill out Username and Password.
]]></system-out>
    <system-err><![CDATA[Aug 29, 2024 11:41:34 AM org.openqa.selenium.devtools.CdpVersionFinder findNearestMatch
WARNING: Unable to find an exact match for CDP version 128, returning the closest version; found: 125; Please update to a Selenium version that supports CDP version 128
]]></system-err>
  </testcase>
  <testcase name="Try to Sign up with existing user" classname="test Sign Up" time="6.08">
    <system-out><![CDATA[Alert message: This user already exist.
]]></system-out>
    <system-err><![CDATA[Aug 29, 2024 11:41:36 AM org.openqa.selenium.devtools.CdpVersionFinder findNearestMatch
WARNING: Unable to find an exact match for CDP version 128, returning the closest version; found: 125; Please update to a Selenium version that supports CDP version 128
]]></system-err>
  </testcase>
</testsuite>