<?xml version="1.0" encoding="UTF-8"?>
<testsuite xmlns:xsi="http://www.w3.org/2001/XMLSchema-instance" xsi:noNamespaceSchemaLocation="https://maven.apache.org/surefire/maven-surefire-plugin/xsd/surefire-test-report-3.0.xsd" version="3.0" name="runners.TestRunner" time="118.048" tests="16" errors="0" skipped="0" failures="0">
  <properties>
[...]
</properties>
  <testcase name="I add one item to the cart" classname="testing product import to cart" time="10.789">
    <system-out><![CDATA[Alert message: Product added.
The values match: Samsung galaxy s6
]]></system-out>
    <system-err><![CDATA[Aug 29, 2024 11:52:29 AM org.openqa.selenium.devtools.CdpVersionFinder findNearestMatch
WARNING: Unable to find an exact match for CDP version 128, returning the closest version; found: 125; Please update to a Selenium version that supports CDP version 128
]]></system-err>
  </testcase>
  <testcase name="I remove one item from the cart" classname="testing product import to cart" time="10.536">
    <system-out><![CDATA[The cart is empty.
]]></system-out>
    <system-err><![CDATA[Aug 29, 2024 11:52:39 AM org.openqa.selenium.devtools.CdpVersionFinder findNearestMatch
WARNING: Unable to find an exact match for CDP version 128, returning the closest version; found: 125; Please update to a Selenium version that supports CDP version 128
]]></system-err>
  </testcase>
  <testcase name="Add multiple items to the cart" classname="testing product import to cart" time="13.754">
    <system-out><![CDATA[Alert message: Product added.
Alert message: Product added.
The values match: Samsung galaxy s6
The values match: Sony vaio i5
]]></system-out>
    <system-err><![CDATA[Aug 29, 2024 11:52:50 AM org.openqa.selenium.devtools.CdpVersionFinder findNearestMatch
WARNING: Unable to find an exact match for CDP version 128, returning the closest version; found: 125; Please update to a Selenium version that supports CDP version 128
]]></system-err>
  </testcase>
  <testcase name="I remove all items from the cart" classname="testing product import to cart" time="13.685">
    <system-out><![CDATA[The cart is empty.
]]></system-out>
    <system-err><![CDATA[Aug 29, 2024 11:53:04 AM org.openqa.selenium.devtools.CdpVersionFinder findNearestMatch
WARNING: Unable to find an exact match for CDP version 128, returning the closest version; found: 125; Please update to a Selenium version that supports CDP version 128
]]></system-err>
  </testcase>
  <testcase name="I add one item to the cart and proceed with the checkout" classname="checkout flow" time="11.26">
    <system-out><![CDATA[Alert message: Product added.
The values match: Samsung galaxy s6
name field is visible.
country field is visible.
city field is visible.
card field is visible.
month field is visible.
year field is visible.
]]></system-out>
    <system-err><![CDATA[Aug 29, 2024 11:53:17 AM org.openqa.selenium.devtools.CdpVersionFinder findNearestMatch
WARNING: Unable to find an exact match for CDP version 128, returning the closest version; found: 125; Please update to a Selenium version that supports CDP version 128
]]></system-err>
  </testcase>
  <testcase name="I add one item to the cart and proceed with the checkout without adding all user information" classname="checkout flow" time="11.984">
    <system-out><![CDATA[Alert message: Product added.
The values match: Samsung galaxy s6
name field is visible.
country field is visible.
city field is visible.
card field is visible.
month field is visible.
year field is visible.
Alert message: Please fill out Name and Creditcard.
]]></system-out>
    <system-err><![CDATA[Aug 29, 2024 11:53:29 AM org.openqa.selenium.devtools.CdpVersionFinder findNearestMatch
WARNING: Unable to find an exact match for CDP version 128, returning the closest version; found: 125; Please update to a Selenium version that supports CDP version 128
]]></system-err>
  </testcase>
  <testcase name="Press Login button, check if Login windows pops up" classname="test login" time="3.985">
    <system-err><![CDATA[Aug 29, 2024 11:53:41 AM org.openqa.selenium.devtools.CdpVersionFinder findNearestMatch
WARNING: Unable to find an exact match for CDP version 128, returning the closest version; found: 125; Please update to a Selenium version that supports CDP version 128
]]></system-err>
  </testcase>
  <testcase name="Check if Login window could be re-opened" classname="test login" time="7.036">
    <system-err><![CDATA[Aug 29, 2024 11:53:45 AM org.openqa.selenium.devtools.CdpVersionFinder findNearestMatch
WARNING: Unable to find an exact match for CDP version 128, returning the closest version; found: 125; Please update to a Selenium version that supports CDP version 128
]]></system-err>
  </testcase>
  <testcase name="Login with existing User name and password" classname="test login" time="5.531">
    <system-err><![CDATA[Aug 29, 2024 11:53:51 AM org.openqa.selenium.devtools.CdpVersionFinder findNearestMatch
WARNING: Unable to find an exact match for CDP version 128, returning the closest version; found: 125; Please update to a Selenium version that supports CDP version 128
]]></system-err>
  </testcase>
  <testcase name="Try to Login without User name and password" classname="test login" time="3.325">
    <system-out><![CDATA[Alert message: Please fill out Username and Password.
]]></system-out>
    <system-err><![CDATA[Aug 29, 2024 11:53:57 AM org.openqa.selenium.devtools.CdpVersionFinder findNearestMatch
WARNING: Unable to find an exact match for CDP version 128, returning the closest version; found: 125; Please update to a Selenium version that supports CDP version 128
]]></system-err>
  </testcase>
  <testcase name="Login with random User name and password" classname="test login" time="4.006">
    <system-out><![CDATA[Alert message: User does not exist.
]]></system-out>
    <system-err><![CDATA[Aug 29, 2024 11:54:00 AM org.openqa.selenium.devtools.CdpVersionFinder findNearestMatch
WARNING: Unable to find an exact match for CDP version 128, returning the closest version; found: 125; Please update to a Selenium version that supports CDP version 128
]]></system-err>
  </testcase>
  <testcase name="Press Sign up button, check if Sign up windows pops up" classname="test Sign Up" time="2.392">
    <system-err><![CDATA[Aug 29, 2024 11:54:04 AM org.openqa.selenium.devtools.CdpVersionFinder findNearestMatch
WARNING: Unable to find an exact match for CDP version 128, returning the closest version; found: 125; Please update to a Selenium version that supports CDP version 128
]]></system-err>
  </testcase>
  <testcase name="Check if sing up window could be re-opened" classname="test Sign Up" time="4.428">
    <system-err><![CDATA[Aug 29, 2024 11:54:07 AM org.openqa.selenium.devtools.CdpVersionFinder findNearestMatch
WARNING: Unable to find an exact match for CDP version 128, returning the closest version; found: 125; Please update to a Selenium version that supports CDP version 128
]]></system-err>
  </testcase>
  <testcase name="Sign up with random User name and password" classname="test Sign Up" time="6.046">
    <system-out><![CDATA[Alert message: Sign up successful.
]]></system-out>
    <system-err><![CDATA[Aug 29, 2024 11:54:11 AM org.openqa.selenium.devtools.CdpVersionFinder findNearestMatch
WARNING: Unable to find an exact match for CDP version 128, returning the closest version; found: 125; Please update to a Selenium version that supports CDP version 128
]]></system-err>
  </testcase>
  <testcase name="Try to Sign up without User name and password" classname="test Sign Up" time="2.817">
    <system-out><![CDATA[Alert message: Please fill out Username and Password.
]]></system-out>
    <system-err><![CDATA[Aug 29, 2024 11:54:17 AM org.openqa.selenium.devtools.CdpVersionFinder findNearestMatch
WARNING: Unable to find an exact match for CDP version 128, returning the closest version; found: 125; Please update to a Selenium version that supports CDP version 128
]]></system-err>
  </testcase>
  <testcase name="Try to Sign up with existing user" classname="test Sign Up" time="6.128">
    <system-out><![CDATA[Alert message: This user already exist.
]]></system-out>
    <system-err><![CDATA[Aug 29, 2024 11:54:20 AM org.openqa.selenium.devtools.CdpVersionFinder findNearestMatch
WARNING: Unable to find an exact match for CDP version 128, returning the closest version; found: 125; Please update to a Selenium version that supports CDP version 128
]]></system-err>
  </testcase>
</testsuite>